-------------------------------------------------------------------------------
Test set: poe.spring.test.UserServicesTests
-------------------------------------------------------------------------------
Tests run: 2, Failures: 1, Errors: 0, Skipped: 0, Time elapsed: 5.11 sec <<< FAILURE! - in poe.spring.test.UserServicesTests
creationUser(poe.spring.test.UserServicesTests)  Time elapsed: 0.014 sec  <<< FAILURE!
java.lang.AssertionError: 
Expecting actual not to be null
	at poe.spring.test.UserServicesTests.creationUser(UserServicesTests.java:38)

